# JRE version: Java(TM) SE Runtime Environment (8.0_121-b13) (build 1.8.0_121-b13)
# Java VM: Java HotSpot(TM) 64-Bit Server VM (25.121-b13 mixed mode windows-amd64 compressed oops)
Heap:
 PSYoungGen      total 76800K, used 18041K [0x00000000d5580000, 0x00000000de600000, 0x0000000100000000)
  eden space 66560K, 11% used [0x00000000d5580000,0x00000000d5d318c0,0x00000000d9680000)
  from space 10240K, 99% used [0x00000000ddc00000,0x00000000de5ecb70,0x00000000de600000)
  to   space 5120K, 0% used [0x00000000d9680000,0x00000000d9680000,0x00000000d9b80000)
 ParOldGen       total 45568K, used 7882K [0x0000000080000000, 0x0000000082c80000, 0x00000000d5580000)
  object space 45568K, 17% used [0x0000000080000000,0x00000000807b2998,0x0000000082c80000)
 Metaspace       used 28894K, capacity 30306K, committed 30464K, reserved 1083392K
  class space    used 3995K, capacity 4294K, committed 4352K, reserved 1048576K
GC Heap History (10 events):
Event: 2.284 GC heap before
{Heap before GC invocations=3 (full 0):
 PSYoungGen      total 38400K, used 38396K [0x00000000d5580000, 0x00000000da080000, 0x0000000100000000)
  eden space 33280K, 100% used [0x00000000d5580000,0x00000000d7600000,0x00000000d7600000)
  from space 5120K, 99% used [0x00000000d7b00000,0x00000000d7fff140,0x00000000d8000000)
  to   space 5120K, 0% used [0x00000000d7600000,0x00000000d7600000,0x00000000d7b00000)
 ParOldGen       total 87552K, used 2200K [0x0000000080000000, 0x0000000085580000, 0x00000000d5580000)
  object space 87552K, 2% used [0x0000000080000000,0x00000000802260f8,0x0000000085580000)
 Metaspace       used 20456K, capacity 21036K, committed 21120K, reserved 1067008K
  class space    used 2767K, capacity 2919K, committed 2944K, reserved 1048576K
Event: 2.297 GC heap after
Heap after GC invocations=3 (full 0):
 PSYoungGen      total 38400K, used 5120K [0x00000000d5580000, 0x00000000da080000, 0x0000000100000000)
  eden space 33280K, 0% used [0x00000000d5580000,0x00000000d5580000,0x00000000d7600000)
  from space 5120K, 100% used [0x00000000d7600000,0x00000000d7b00000,0x00000000d7b00000)
  to   space 5120K, 0% used [0x00000000d9b80000,0x00000000d9b80000,0x00000000da080000)
 ParOldGen       total 87552K, used 5850K [0x0000000080000000, 0x0000000085580000, 0x00000000d5580000)
  object space 87552K, 6% used [0x0000000080000000,0x00000000805b6af0,0x0000000085580000)
 Metaspace       used 20456K, capacity 21036K, committed 21120K, reserved 1067008K
  class space    used 2767K, capacity 2919K, committed 2944K, reserved 1048576K
}
Event: 2.302 GC heap before
{Heap before GC invocations=4 (full 0):
 PSYoungGen      total 38400K, used 5894K [0x00000000d5580000, 0x00000000da080000, 0x0000000100000000)
  eden space 33280K, 2% used [0x00000000d5580000,0x00000000d5641938,0x00000000d7600000)
  from space 5120K, 100% used [0x00000000d7600000,0x00000000d7b00000,0x00000000d7b00000)
  to   space 5120K, 0% used [0x00000000d9b80000,0x00000000d9b80000,0x00000000da080000)
 ParOldGen       total 87552K, used 5850K [0x0000000080000000, 0x0000000085580000, 0x00000000d5580000)
  object space 87552K, 6% used [0x0000000080000000,0x00000000805b6af0,0x0000000085580000)
 Metaspace       used 20498K, capacity 21100K, committed 21248K, reserved 1067008K
  class space    used 2777K, capacity 2983K, committed 3072K, reserved 1048576K
Event: 2.311 GC heap after
Heap after GC invocations=4 (full 0):
 PSYoungGen      total 71680K, used 5040K [0x00000000d5580000, 0x00000000da080000, 0x0000000100000000)
  eden space 66560K, 0% used [0x00000000d5580000,0x00000000d5580000,0x00000000d9680000)
  from space 5120K, 98% used [0x00000000d9b80000,0x00000000da06c030,0x00000000da080000)
  to   space 5120K, 0% used [0x00000000d9680000,0x00000000d9680000,0x00000000d9b80000)
 ParOldGen       total 87552K, used 5858K [0x0000000080000000, 0x0000000085580000, 0x00000000d5580000)
  object space 87552K, 6% used [0x0000000080000000,0x00000000805b8af0,0x0000000085580000)
 Metaspace       used 20498K, capacity 21100K, committed 21248K, reserved 1067008K
  class space    used 2777K, capacity 2983K, committed 3072K, reserved 1048576K
}
Event: 2.311 GC heap before
{Heap before GC invocations=5 (full 1):
 PSYoungGen      total 71680K, used 5040K [0x00000000d5580000, 0x00000000da080000, 0x0000000100000000)
  eden space 66560K, 0% used [0x00000000d5580000,0x00000000d5580000,0x00000000d9680000)
  from space 5120K, 98% used [0x00000000d9b80000,0x00000000da06c030,0x00000000da080000)
  to   space 5120K, 0% used [0x00000000d9680000,0x00000000d9680000,0x00000000d9b80000)
 ParOldGen       total 87552K, used 5858K [0x0000000080000000, 0x0000000085580000, 0x00000000d5580000)
  object space 87552K, 6% used [0x0000000080000000,0x00000000805b8af0,0x0000000085580000)
 Metaspace       used 20498K, capacity 21100K, committed 21248K, reserved 1067008K
  class space    used 2777K, capacity 2983K, committed 3072K, reserved 1048576K
Event: 2.342 GC heap after
Heap after GC invocations=5 (full 1):
 PSYoungGen      total 71680K, used 0K [0x00000000d5580000, 0x00000000da080000, 0x0000000100000000)
  eden space 66560K, 0% used [0x00000000d5580000,0x00000000d5580000,0x00000000d9680000)
  from space 5120K, 0% used [0x00000000d9b80000,0x00000000d9b80000,0x00000000da080000)
  to   space 5120K, 0% used [0x00000000d9680000,0x00000000d9680000,0x00000000d9b80000)
 ParOldGen       total 45568K, used 4986K [0x0000000080000000, 0x0000000082c80000, 0x00000000d5580000)
  object space 45568K, 10% used [0x0000000080000000,0x00000000804deac0,0x0000000082c80000)
 Metaspace       used 20497K, capacity 21094K, committed 21248K, reserved 1067008K
  class space    used 2776K, capacity 2982K, committed 3072K, reserved 1048576K
}
Event: 6.979 GC heap before
{Heap before GC invocations=6 (full 1):
 PSYoungGen      total 71680K, used 66560K [0x00000000d5580000, 0x00000000da080000, 0x0000000100000000)
  eden space 66560K, 100% used [0x00000000d5580000,0x00000000d9680000,0x00000000d9680000)
  from space 5120K, 0% used [0x00000000d9b80000,0x00000000d9b80000,0x00000000da080000)
  to   space 5120K, 0% used [0x00000000d9680000,0x00000000d9680000,0x00000000d9b80000)
 ParOldGen       total 45568K, used 4986K [0x0000000080000000, 0x0000000082c80000, 0x00000000d5580000)
  object space 45568K, 10% used [0x0000000080000000,0x00000000804deac0,0x0000000082c80000)
 Metaspace       used 24797K, capacity 25758K, committed 25984K, reserved 1071104K
  class space    used 3406K, capacity 3652K, committed 3712K, reserved 1048576K
Event: 6.994 GC heap after
Heap after GC invocations=6 (full 1):
 PSYoungGen      total 71680K, used 5092K [0x00000000d5580000, 0x00000000de600000, 0x0000000100000000)
  eden space 66560K, 0% used [0x00000000d5580000,0x00000000d5580000,0x00000000d9680000)
  from space 5120K, 99% used [0x00000000d9680000,0x00000000d9b793a0,0x00000000d9b80000)
  to   space 10240K, 0% used [0x00000000ddc00000,0x00000000ddc00000,0x00000000de600000)
 ParOldGen       total 45568K, used 7874K [0x0000000080000000, 0x0000000082c80000, 0x00000000d5580000)
  object space 45568K, 17% used [0x0000000080000000,0x00000000807b0998,0x0000000082c80000)
 Metaspace       used 24797K, capacity 25758K, committed 25984K, reserved 1071104K
  class space    used 3406K, capacity 3652K, committed 3712K, reserved 1048576K
}
Event: 7.855 GC heap before
{Heap before GC invocations=7 (full 1):
 PSYoungGen      total 71680K, used 71652K [0x00000000d5580000, 0x00000000de600000, 0x0000000100000000)
  eden space 66560K, 100% used [0x00000000d5580000,0x00000000d9680000,0x00000000d9680000)
  from space 5120K, 99% used [0x00000000d9680000,0x00000000d9b793a0,0x00000000d9b80000)
  to   space 10240K, 0% used [0x00000000ddc00000,0x00000000ddc00000,0x00000000de600000)
 ParOldGen       total 45568K, used 7874K [0x0000000080000000, 0x0000000082c80000, 0x00000000d5580000)
  object space 45568K, 17% used [0x0000000080000000,0x00000000807b0998,0x0000000082c80000)
 Metaspace       used 28146K, capacity 29550K, committed 29824K, reserved 1077248K
  class space    used 3911K, capacity 4194K, committed 4224K, reserved 1048576K
Event: 7.873 GC heap after
Heap after GC invocations=7 (full 1):
 PSYoungGen      total 76800K, used 10162K [0x00000000d5580000, 0x00000000de600000, 0x0000000100000000)
  eden space 66560K, 0% used [0x00000000d5580000,0x00000000d5580000,0x00000000d9680000)
  from space 10240K, 99% used [0x00000000ddc00000,0x00000000de5ecb70,0x00000000de600000)
  to   space 5120K, 0% used [0x00000000d9680000,0x00000000d9680000,0x00000000d9b80000)
 ParOldGen       total 45568K, used 7882K [0x0000000080000000, 0x0000000082c80000, 0x00000000d5580000)
  object space 45568K, 17% used [0x0000000080000000,0x00000000807b2998,0x0000000082c80000)
 Metaspace       used 28146K, capacity 29550K, committed 29824K, reserved 1077248K
  class space    used 3911K, capacity 4194K, committed 4224K, reserved 1048576K
}

